<?xml version="1.0" encoding="UTF-8"?>
<!-- Generated by org.testng.reporters.JUnitReportReporter -->
<testsuite hostname="UBL-HNF7VT3" failures="0" tests="1" name="tests.WifiSettings_TC06" time="24.535" errors="0" timestamp="2024-12-12T13:30:14 EST" skipped="0">
  <testcase classname="tests.WifiSettings_TC06" name="modifyWifiSettings" time="24.535"/>
</testsuite> <!-- tests.WifiSettings_TC06 -->
