<?xml version="1.0" encoding="UTF-8"?>
<!-- Generated by org.testng.reporters.JUnitReportReporter -->
<testsuite hostname="UBL-HNF7VT3" failures="0" tests="1" name="tests.Chrome_TC02" time="24.767" errors="0" timestamp="2024-12-12T13:30:14 EST" skipped="0">
  <testcase classname="tests.Chrome_TC02" name="search" time="24.767"/>
</testsuite> <!-- tests.Chrome_TC02 -->
