<?xml version="1.0" encoding="UTF-8"?>
<!-- Generated by org.testng.reporters.JUnitReportReporter -->
<testsuite hostname="UBL-HNF7VT3" failures="0" tests="1" name="tests.Ecommerce_TC03" time="28.749" errors="0" timestamp="2024-12-12T13:30:14 EST" skipped="0">
  <testcase classname="tests.Ecommerce_TC03" name="validateCost" time="28.749"/>
</testsuite> <!-- tests.Ecommerce_TC03 -->
