<?xml version="1.0" encoding="UTF-8"?>
<!-- Generated by org.testng.reporters.JUnitReportReporter -->
<testsuite hostname="UBL-HNF7VT3" failures="0" tests="1" name="tests.APIDemos_TC02" time="20.557" errors="0" timestamp="2024-12-12T13:30:14 EST" skipped="0">
  <testcase classname="tests.APIDemos_TC02" name="handleElements2" time="20.557"/>
</testsuite> <!-- tests.APIDemos_TC02 -->
