<?xml version="1.0" encoding="UTF-8"?>
<!-- Generated by org.testng.reporters.JUnitReportReporter -->
<testsuite hostname="UBL-HNF7VT3" failures="0" tests="1" name="tests.Calculator_TC01" time="16.358" errors="0" timestamp="2024-12-12T13:30:14 EST" skipped="0">
  <testcase classname="tests.Calculator_TC01" name="testCalculator" time="16.358"/>
</testsuite> <!-- tests.Calculator_TC01 -->
