<?xml version="1.0" encoding="UTF-8"?>
<!-- Generated by org.testng.reporters.JUnitReportReporter -->
<testsuite hostname="UBL-HNF7VT3" failures="0" tests="1" name="tests.APIDemos_TC04" time="20.811" errors="0" timestamp="2024-12-12T13:30:14 EST" skipped="0">
  <testcase classname="tests.APIDemos_TC04" name="handleElements4" time="20.811"/>
</testsuite> <!-- tests.APIDemos_TC04 -->
