<?xml version="1.0" encoding="UTF-8"?>
<!-- Generated by org.testng.reporters.JUnitReportReporter -->
<testsuite hostname="UBL-HNF7VT3" failures="0" tests="2" name="tests.Ecommerce_TC01" time="45.969" errors="0" timestamp="2024-12-12T13:30:14 EST" skipped="0">
  <testcase classname="tests.Ecommerce_TC01" name="testValidLogin" time="21.236"/>
  <testcase classname="tests.Ecommerce_TC01" name="testInvalidLogin" time="24.733"/>
</testsuite> <!-- tests.Ecommerce_TC01 -->
